<?xml version="1.0" encoding="UTF-8"?>
<!-- Generated by org.testng.reporters.JUnitReportReporter -->
<testsuite hostname="L71805" failures="0" tests="1" name="MainPage.WebDriverClass" time="12.221" errors="0" timestamp="2025-04-12T13:37:19 IST" skipped="0">
  <testcase classname="MainPage.WebDriverClass" name="OpenWebSite" time="12.221"/>
</testsuite> <!-- MainPage.WebDriverClass -->
