<?xml version="1.0" encoding="UTF-8"?>
<!-- Generated by org.testng.reporters.JUnitReportReporter -->
<testsuite hostname="L71805" failures="0" tests="1" name="MainPage.Category" time="4.141" errors="0" timestamp="2025-04-13T10:04:26 IST" skipped="0">
  <testcase classname="MainPage.Category" name="BrandList" time="4.141"/>
</testsuite> <!-- MainPage.Category -->
