<?xml version="1.0" encoding="UTF-8"?>
<!-- Generated by org.testng.reporters.JUnitReportReporter -->
<testsuite hostname="L71805" failures="0" tests="1" name="MainPage.Cart" time="10.391" errors="0" timestamp="2025-04-13T12:20:25 IST" skipped="0">
  <testcase classname="MainPage.Cart" name="ShoppingCartLabelVerify" time="10.391"/>
</testsuite> <!-- MainPage.Cart -->
